<?xml version="1.0" encoding="UTF-8"?>
<!-- Generated by org.testng.reporters.JUnitReportReporter -->
<testsuite hostname="DESKTOP-F747BIK" failures="0" tests="1" name="com.crm.camScannerTestScripts.ParamertersTest" time="0.013" errors="0" timestamp="2022-03-23T12:26:16 IST" skipped="0">
  <testcase classname="com.crm.camScannerTestScripts.ParamertersTest" name="getData" time="0.013"/>
  <system-out/>
</testsuite> <!-- com.crm.camScannerTestScripts.ParamertersTest -->
