<?xml version="1.0" encoding="UTF-8"?>
<!-- Generated by org.testng.reporters.JUnitReportReporter -->
<testsuite hostname="DESKTOP-F747BIK" failures="0" tests="2" name="com.crm.camScannerTestScripts.CreateLeadTest" time="0.018" errors="0" timestamp="2022-03-28T14:42:58 IST" skipped="0">
  <testcase classname="com.crm.camScannerTestScripts.CreateLeadTest" name="updateLead" time="0.004"/>
  <system-out/>
  <testcase classname="com.crm.camScannerTestScripts.CreateLeadTest" name="createLead" time="0.014"/>
  <system-out/>
</testsuite> <!-- com.crm.camScannerTestScripts.CreateLeadTest -->
